<?xml version="1.0" encoding="UTF-8"?>
<testsuites>
  <testsuite name="C:\Users\gamer\Documents\ddd\petstore\phpunit.xml" tests="27" assertions="56" errors="3" failures="2" skipped="0" time="9.600267">
    <testsuite name="Unit" tests="1" assertions="1" errors="0" failures="0" skipped="0" time="0.063767">
      <testsuite name="Tests\Unit\ExampleTest" file="tests\Unit\ExampleTest.php" tests="1" assertions="1" errors="0" failures="0" skipped="0" time="0.063767">
        <testcase name="that true is true" file="tests\Unit\ExampleTest.php::that true is true" class="Tests\Unit\ExampleTest" classname="Tests.Unit.ExampleTest" assertions="1" time="0.063767"/>
      </testsuite>
    </testsuite>
    <testsuite name="Feature" tests="26" assertions="55" errors="3" failures="2" skipped="0" time="9.536500">
      <testsuite name="Tests\Feature\Auth\AuthenticationTest" file="tests\Feature\Auth\AuthenticationTest.php" tests="4" assertions="6" errors="1" failures="0" skipped="0" time="1.925960">
        <testcase name="login screen can be rendered" file="tests\Feature\Auth\AuthenticationTest.php::login screen can be rendered" class="Tests\Feature\Auth\AuthenticationTest" classname="Tests.Feature.Auth.AuthenticationTest" assertions="1" time="1.348224"/>
        <testcase name="users can authenticate using the login screen" file="tests\Feature\Auth\AuthenticationTest.php::users can authenticate using the login screen" class="Tests\Feature\Auth\AuthenticationTest" classname="Tests.Feature.Auth.AuthenticationTest" assertions="1" time="0.244901">
          <error type="Symfony\Component\Routing\Exception\RouteNotFoundException">users can authenticate using the login screenSymfony\Component\Routing\Exception\RouteNotFoundException: Route [dashboard] not defined.&#13;
at vendor\laravel\framework\src\Illuminate\Routing\UrlGenerator.php:528
at vendor\laravel\framework\src\Illuminate\Foundation\helpers.php:870
at tests\Feature\Auth\AuthenticationTest.php:22</error>
        </testcase>
        <testcase name="users can not authenticate with invalid password" file="tests\Feature\Auth\AuthenticationTest.php::users can not authenticate with invalid password" class="Tests\Feature\Auth\AuthenticationTest" classname="Tests.Feature.Auth.AuthenticationTest" assertions="1" time="0.273474"/>
        <testcase name="users can logout" file="tests\Feature\Auth\AuthenticationTest.php::users can logout" class="Tests\Feature\Auth\AuthenticationTest" classname="Tests.Feature.Auth.AuthenticationTest" assertions="3" time="0.059360"/>
      </testsuite>
      <testsuite name="Tests\Feature\Auth\EmailVerificationTest" file="tests\Feature\Auth\EmailVerificationTest.php" tests="3" assertions="4" errors="1" failures="0" skipped="0" time="3.991427">
        <testcase name="email verification screen can be rendered" file="tests\Feature\Auth\EmailVerificationTest.php::email verification screen can be rendered" class="Tests\Feature\Auth\EmailVerificationTest" classname="Tests.Feature.Auth.EmailVerificationTest" assertions="1" time="0.067043"/>
        <testcase name="email can be verified" file="tests\Feature\Auth\EmailVerificationTest.php::email can be verified" class="Tests\Feature\Auth\EmailVerificationTest" classname="Tests.Feature.Auth.EmailVerificationTest" assertions="2" time="3.845987">
          <error type="Symfony\Component\Routing\Exception\RouteNotFoundException">email can be verifiedSymfony\Component\Routing\Exception\RouteNotFoundException: Route [dashboard] not defined.&#13;
at vendor\laravel\framework\src\Illuminate\Routing\UrlGenerator.php:528
at vendor\laravel\framework\src\Illuminate\Foundation\helpers.php:870
at tests\Feature\Auth\EmailVerificationTest.php:33</error>
        </testcase>
        <testcase name="email is not verified with invalid hash" file="tests\Feature\Auth\EmailVerificationTest.php::email is not verified with invalid hash" class="Tests\Feature\Auth\EmailVerificationTest" classname="Tests.Feature.Auth.EmailVerificationTest" assertions="1" time="0.078397"/>
      </testsuite>
      <testsuite name="Tests\Feature\Auth\PasswordConfirmationTest" file="tests\Feature\Auth\PasswordConfirmationTest.php" tests="3" assertions="3" errors="0" failures="1" skipped="0" time="1.923084">
        <testcase name="confirm password screen can be rendered" file="tests\Feature\Auth\PasswordConfirmationTest.php::confirm password screen can be rendered" class="Tests\Feature\Auth\PasswordConfirmationTest" classname="Tests.Feature.Auth.PasswordConfirmationTest" assertions="1" time="0.074222"/>
        <testcase name="password can be confirmed" file="tests\Feature\Auth\PasswordConfirmationTest.php::password can be confirmed" class="Tests\Feature\Auth\PasswordConfirmationTest" classname="Tests.Feature.Auth.PasswordConfirmationTest" assertions="1" time="1.581918">
          <failure type="PHPUnit\Framework\ExpectationFailedException">password can be confirmedExpected response status code [201, 301, 302, 303, 307, 308] but received 500.
Failed asserting that false is true.&#13;
&#13;
The following exception occurred during the last request:

Symfony\Component\Routing\Exception\RouteNotFoundException: Route [dashboard] not defined. in C:\Users\gamer\Documents\ddd\petstore\vendor\laravel\framework\src\Illuminate\Routing\UrlGenerator.php:528
Stack trace:
#0 C:\Users\gamer\Documents\ddd\petstore\vendor\laravel\framework\src\Illuminate\Foundation\helpers.php(870): Illuminate\Routing\UrlGenerator-&gt;route()
#1 C:\Users\gamer\Documents\ddd\petstore\app\Http\Controllers\Auth\ConfirmablePasswordController.php(39): route()
#2 C:\Users\gamer\Documents\ddd\petstore\vendor\laravel\framework\src\Illuminate\Routing\ControllerDispatcher.php(46): App\Http\Controllers\Auth\ConfirmablePasswordController-&gt;store()
#3 C:\Users\gamer\Documents\ddd\petstore\vendor\laravel\framework\src\Illuminate\Routing\Route.php(265): Illuminate\Routing\ControllerDispatcher-&gt;dispatch()
#4 C:\Users\gamer\Documents\ddd\petstore\vendor\laravel\framework\src\Illuminate\Routing\Route.php(211): Illuminate\Routing\Route-&gt;runController()
#5 C:\Users\gamer\Documents\ddd\petstore\vendor\laravel\framework\src\Illuminate\Routing\Router.php(822): Illuminate\Routing\Route-&gt;run()
#6 C:\Users\gamer\Documents\ddd\petstore\vendor\laravel\framework\src\Illuminate\Pipeline\Pipeline.php(180): Illuminate\Routing\Router-&gt;Illuminate\Routing\{closure}()
#7 C:\Users\gamer\Documents\ddd\petstore\vendor\laravel\framework\src\Illuminate\Http\Middleware\AddLinkHeadersForPreloadedAssets.php(32): Illuminate\Pipeline\Pipeline-&gt;Illuminate\Pipeline\{closure}()
#8 C:\Users\gamer\Documents\ddd\petstore\vendor\laravel\framework\src\Illuminate\Pipeline\Pipeline.php(219): Illuminate\Http\Middleware\AddLinkHeadersForPreloadedAssets-&gt;handle()
#9 C:\Users\gamer\Documents\ddd\petstore\vendor\inertiajs\inertia-laravel\src\Middleware.php(122): Illuminate\Pipeline\Pipeline-&gt;Illuminate\Pipeline\{closure}()
#10 C:\Users\gamer\Documents\ddd\petstore\vendor\laravel\framework\src\Illuminate\Pipeline\Pipeline.php(219): Inertia\Middleware-&gt;handle()
#11 C:\Users\gamer\Documents\ddd\petstore\vendor\laravel\framework\src\Illuminate\Routing\Middleware\SubstituteBindings.php(50): Illuminate\Pipeline\Pipeline-&gt;Illuminate\Pipeline\{closure}()
#12 C:\Users\gamer\Documents\ddd\petstore\vendor\laravel\framework\src\Illuminate\Pipeline\Pipeline.php(219): Illuminate\Routing\Middleware\SubstituteBindings-&gt;handle()
#13 C:\Users\gamer\Documents\ddd\petstore\vendor\laravel\framework\src\Illuminate\Auth\Middleware\Authenticate.php(63): Illuminate\Pipeline\Pipeline-&gt;Illuminate\Pipeline\{closure}()
#14 C:\Users\gamer\Documents\ddd\petstore\vendor\laravel\framework\src\Illuminate\Pipeline\Pipeline.php(219): Illuminate\Auth\Middleware\Authenticate-&gt;handle()
#15 C:\Users\gamer\Documents\ddd\petstore\vendor\laravel\framework\src\Illuminate\Foundation\Http\Middleware\VerifyCsrfToken.php(87): Illuminate\Pipeline\Pipeline-&gt;Illuminate\Pipeline\{closure}()
#16 C:\Users\gamer\Documents\ddd\petstore\vendor\laravel\framework\src\Illuminate\Pipeline\Pipeline.php(219): Illuminate\Foundation\Http\Middleware\VerifyCsrfToken-&gt;handle()
#17 C:\Users\gamer\Documents\ddd\petstore\vendor\laravel\framework\src\Illuminate\View\Middleware\ShareErrorsFromSession.php(48): Illuminate\Pipeline\Pipeline-&gt;Illuminate\Pipeline\{closure}()
#18 C:\Users\gamer\Documents\ddd\petstore\vendor\laravel\framework\src\Illuminate\Pipeline\Pipeline.php(219): Illuminate\View\Middleware\ShareErrorsFromSession-&gt;handle()
#19 C:\Users\gamer\Documents\ddd\petstore\vendor\laravel\framework\src\Illuminate\Session\Middleware\StartSession.php(120): Illuminate\Pipeline\Pipeline-&gt;Illuminate\Pipeline\{closure}()
#20 C:\Users\gamer\Documents\ddd\petstore\vendor\laravel\framework\src\Illuminate\Session\Middleware\StartSession.php(63): Illuminate\Session\Middleware\StartSession-&gt;handleStatefulRequest()
#21 C:\Users\gamer\Documents\ddd\petstore\vendor\laravel\framework\src\Illuminate\Pipeline\Pipeline.php(219): Illuminate\Session\Middleware\StartSession-&gt;handle()
#22 C:\Users\gamer\Documents\ddd\petstore\vendor\laravel\framework\src\Illuminate\Cookie\Middleware\AddQueuedCookiesToResponse.php(36): Illuminate\Pipeline\Pipeline-&gt;Illuminate\Pipeline\{closure}()
#23 C:\Users\gamer\Documents\ddd\petstore\vendor\laravel\framework\src\Illuminate\Pipeline\Pipeline.php(219): Illuminate\Cookie\Middleware\AddQueuedCookiesToResponse-&gt;handle()
#24 C:\Users\gamer\Documents\ddd\petstore\vendor\laravel\framework\src\Illuminate\Cookie\Middleware\EncryptCookies.php(74): Illuminate\Pipeline\Pipeline-&gt;Illuminate\Pipeline\{closure}()
#25 C:\Users\gamer\Documents\ddd\petstore\vendor\laravel\framework\src\Illuminate\Pipeline\Pipeline.php(219): Illuminate\Cookie\Middleware\EncryptCookies-&gt;handle()
#26 C:\Users\gamer\Documents\ddd\petstore\vendor\laravel\framework\src\Illuminate\Pipeline\Pipeline.php(137): Illuminate\Pipeline\Pipeline-&gt;Illuminate\Pipeline\{closure}()
#27 C:\Users\gamer\Documents\ddd\petstore\vendor\laravel\framework\src\Illuminate\Routing\Router.php(821): Illuminate\Pipeline\Pipeline-&gt;then()
#28 C:\Users\gamer\Documents\ddd\petstore\vendor\laravel\framework\src\Illuminate\Routing\Router.php(800): Illuminate\Routing\Router-&gt;runRouteWithinStack()
#29 C:\Users\gamer\Documents\ddd\petstore\vendor\laravel\framework\src\Illuminate\Routing\Router.php(764): Illuminate\Routing\Router-&gt;runRoute()
#30 C:\Users\gamer\Documents\ddd\petstore\vendor\laravel\framework\src\Illuminate\Routing\Router.php(753): Illuminate\Routing\Router-&gt;dispatchToRoute()
#31 C:\Users\gamer\Documents\ddd\petstore\vendor\laravel\framework\src\Illuminate\Foundation\Http\Kernel.php(200): Illuminate\Routing\Router-&gt;dispatch()
#32 C:\Users\gamer\Documents\ddd\petstore\vendor\laravel\framework\src\Illuminate\Pipeline\Pipeline.php(180): Illuminate\Foundation\Http\Kernel-&gt;Illuminate\Foundation\Http\{closure}()
#33 C:\Users\gamer\Documents\ddd\petstore\vendor\laravel\framework\src\Illuminate\Foundation\Http\Middleware\TransformsRequest.php(21): Illuminate\Pipeline\Pipeline-&gt;Illuminate\Pipeline\{closure}()
#34 C:\Users\gamer\Documents\ddd\petstore\vendor\laravel\framework\src\Illuminate\Foundation\Http\Middleware\ConvertEmptyStringsToNull.php(31): Illuminate\Foundation\Http\Middleware\TransformsRequest-&gt;handle()
#35 C:\Users\gamer\Documents\ddd\petstore\vendor\laravel\framework\src\Illuminate\Pipeline\Pipeline.php(219): Illuminate\Foundation\Http\Middleware\ConvertEmptyStringsToNull-&gt;handle()
#36 C:\Users\gamer\Documents\ddd\petstore\vendor\laravel\framework\src\Illuminate\Foundation\Http\Middleware\TransformsRequest.php(21): Illuminate\Pipeline\Pipeline-&gt;Illuminate\Pipeline\{closure}()
#37 C:\Users\gamer\Documents\ddd\petstore\vendor\laravel\framework\src\Illuminate\Foundation\Http\Middleware\TrimStrings.php(51): Illuminate\Foundation\Http\Middleware\TransformsRequest-&gt;handle()
#38 C:\Users\gamer\Documents\ddd\petstore\vendor\laravel\framework\src\Illuminate\Pipeline\Pipeline.php(219): Illuminate\Foundation\Http\Middleware\TrimStrings-&gt;handle()
#39 C:\Users\gamer\Documents\ddd\petstore\vendor\laravel\framework\src\Illuminate\Http\Middleware\ValidatePostSize.php(27): Illuminate\Pipeline\Pipeline-&gt;Illuminate\Pipeline\{closure}()
#40 C:\Users\gamer\Documents\ddd\petstore\vendor\laravel\framework\src\Illuminate\Pipeline\Pipeline.php(219): Illuminate\Http\Middleware\ValidatePostSize-&gt;handle()
#41 C:\Users\gamer\Documents\ddd\petstore\vendor\laravel\framework\src\Illuminate\Foundation\Http\Middleware\PreventRequestsDuringMaintenance.php(109): Illuminate\Pipeline\Pipeline-&gt;Illuminate\Pipeline\{closure}()
#42 C:\Users\gamer\Documents\ddd\petstore\vendor\laravel\framework\src\Illuminate\Pipeline\Pipeline.php(219): Illuminate\Foundation\Http\Middleware\PreventRequestsDuringMaintenance-&gt;handle()
#43 C:\Users\gamer\Documents\ddd\petstore\vendor\laravel\framework\src\Illuminate\Http\Middleware\HandleCors.php(61): Illuminate\Pipeline\Pipeline-&gt;Illuminate\Pipeline\{closure}()
#44 C:\Users\gamer\Documents\ddd\petstore\vendor\laravel\framework\src\Illuminate\Pipeline\Pipeline.php(219): Illuminate\Http\Middleware\HandleCors-&gt;handle()
#45 C:\Users\gamer\Documents\ddd\petstore\vendor\laravel\framework\src\Illuminate\Http\Middleware\TrustProxies.php(58): Illuminate\Pipeline\Pipeline-&gt;Illuminate\Pipeline\{closure}()
#46 C:\Users\gamer\Documents\ddd\petstore\vendor\laravel\framework\src\Illuminate\Pipeline\Pipeline.php(219): Illuminate\Http\Middleware\TrustProxies-&gt;handle()
#47 C:\Users\gamer\Documents\ddd\petstore\vendor\laravel\framework\src\Illuminate\Foundation\Http\Middleware\InvokeDeferredCallbacks.php(22): Illuminate\Pipeline\Pipeline-&gt;Illuminate\Pipeline\{closure}()
#48 C:\Users\gamer\Documents\ddd\petstore\vendor\laravel\framework\src\Illuminate\Pipeline\Pipeline.php(219): Illuminate\Foundation\Http\Middleware\InvokeDeferredCallbacks-&gt;handle()
#49 C:\Users\gamer\Documents\ddd\petstore\vendor\laravel\framework\src\Illuminate\Http\Middleware\ValidatePathEncoding.php(26): Illuminate\Pipeline\Pipeline-&gt;Illuminate\Pipeline\{closure}()
#50 C:\Users\gamer\Documents\ddd\petstore\vendor\laravel\framework\src\Illuminate\Pipeline\Pipeline.php(219): Illuminate\Http\Middleware\ValidatePathEncoding-&gt;handle()
#51 C:\Users\gamer\Documents\ddd\petstore\vendor\laravel\framework\src\Illuminate\Pipeline\Pipeline.php(137): Illuminate\Pipeline\Pipeline-&gt;Illuminate\Pipeline\{closure}()
#52 C:\Users\gamer\Documents\ddd\petstore\vendor\laravel\framework\src\Illuminate\Foundation\Http\Kernel.php(175): Illuminate\Pipeline\Pipeline-&gt;then()
#53 C:\Users\gamer\Documents\ddd\petstore\vendor\laravel\framework\src\Illuminate\Foundation\Http\Kernel.php(144): Illuminate\Foundation\Http\Kernel-&gt;sendRequestThroughRouter()
#54 C:\Users\gamer\Documents\ddd\petstore\vendor\laravel\framework\src\Illuminate\Foundation\Testing\Concerns\MakesHttpRequests.php(607): Illuminate\Foundation\Http\Kernel-&gt;handle()
#55 C:\Users\gamer\Documents\ddd\petstore\vendor\laravel\framework\src\Illuminate\Foundation\Testing\Concerns\MakesHttpRequests.php(397): Illuminate\Foundation\Testing\TestCase-&gt;call()
#56 C:\Users\gamer\Documents\ddd\petstore\tests\Feature\Auth\PasswordConfirmationTest.php(18): Illuminate\Foundation\Testing\TestCase-&gt;post()
#57 C:\Users\gamer\Documents\ddd\petstore\vendor\pestphp\pest\src\Factories\TestCaseMethodFactory.php(171): P\Tests\Feature\Auth\PasswordConfirmationTest-&gt;{closure}()
#58 [internal function]: P\Tests\Feature\Auth\PasswordConfirmationTest-&gt;Pest\Factories\{closure}()
#59 C:\Users\gamer\Documents\ddd\petstore\vendor\pestphp\pest\src\Concerns\Testable.php(419): call_user_func_array()
#60 C:\Users\gamer\Documents\ddd\petstore\vendor\pestphp\pest\src\Support\ExceptionTrace.php(26): P\Tests\Feature\Auth\PasswordConfirmationTest-&gt;Pest\Concerns\{closure}()
#61 C:\Users\gamer\Documents\ddd\petstore\vendor\pestphp\pest\src\Concerns\Testable.php(419): Pest\Support\ExceptionTrace::ensure()
#62 C:\Users\gamer\Documents\ddd\petstore\vendor\pestphp\pest\src\Concerns\Testable.php(321): P\Tests\Feature\Auth\PasswordConfirmationTest-&gt;__callClosure()
#63 C:\Users\gamer\Documents\ddd\petstore\vendor\pestphp\pest\src\Factories\TestCaseFactory.php(170) : eval()'d code(26): P\Tests\Feature\Auth\PasswordConfirmationTest-&gt;__runTest()
#64 C:\Users\gamer\Documents\ddd\petstore\vendor\phpunit\phpunit\src\Framework\TestCase.php(1667): P\Tests\Feature\Auth\PasswordConfirmationTest-&gt;__pest_evaluable_password_can_be_confirmed()
#65 C:\Users\gamer\Documents\ddd\petstore\vendor\phpunit\phpunit\src\Framework\TestCase.php(519): PHPUnit\Framework\TestCase-&gt;runTest()
#66 C:\Users\gamer\Documents\ddd\petstore\vendor\phpunit\phpunit\src\Framework\TestRunner\TestRunner.php(87): PHPUnit\Framework\TestCase-&gt;runBare()
#67 C:\Users\gamer\Documents\ddd\petstore\vendor\phpunit\phpunit\src\Framework\TestCase.php(365): PHPUnit\Framework\TestRunner-&gt;run()
#68 C:\Users\gamer\Documents\ddd\petstore\vendor\phpunit\phpunit\src\Framework\TestSuite.php(369): PHPUnit\Framework\TestCase-&gt;run()
#69 C:\Users\gamer\Documents\ddd\petstore\vendor\phpunit\phpunit\src\Framework\TestSuite.php(369): PHPUnit\Framework\TestSuite-&gt;run()
#70 C:\Users\gamer\Documents\ddd\petstore\vendor\phpunit\phpunit\src\Framework\TestSuite.php(369): PHPUnit\Framework\TestSuite-&gt;run()
#71 C:\Users\gamer\Documents\ddd\petstore\vendor\phpunit\phpunit\src\TextUI\TestRunner.php(64): PHPUnit\Framework\TestSuite-&gt;run()
#72 C:\Users\gamer\Documents\ddd\petstore\vendor\phpunit\phpunit\src\TextUI\Application.php(211): PHPUnit\TextUI\TestRunner-&gt;run()
#73 C:\Users\gamer\Documents\ddd\petstore\vendor\pestphp\pest\src\Kernel.php(103): PHPUnit\TextUI\Application-&gt;run()
#74 C:\Users\gamer\Documents\ddd\petstore\vendor\pestphp\pest\bin\pest(184): Pest\Kernel-&gt;handle()
#75 C:\Users\gamer\Documents\ddd\petstore\vendor\pestphp\pest\bin\pest(192): {closure}()
#76 {main}

----------------------------------------------------------------------------------

Route [dashboard] not defined.&#13;
&#13;
at vendor\laravel\framework\src\Illuminate\Testing\TestResponseAssert.php:45
at vendor\laravel\framework\src\Illuminate\Testing\TestResponse.php:200
at tests\Feature\Auth\PasswordConfirmationTest.php:22</failure>
        </testcase>
        <testcase name="password is not confirmed with invalid password" file="tests\Feature\Auth\PasswordConfirmationTest.php::password is not confirmed with invalid password" class="Tests\Feature\Auth\PasswordConfirmationTest" classname="Tests.Feature.Auth.PasswordConfirmationTest" assertions="1" time="0.266944"/>
      </testsuite>
      <testsuite name="Tests\Feature\Auth\PasswordResetTest" file="tests\Feature\Auth\PasswordResetTest.php" tests="4" assertions="8" errors="0" failures="0" skipped="0" time="0.912410">
        <testcase name="reset password link screen can be rendered" file="tests\Feature\Auth\PasswordResetTest.php::reset password link screen can be rendered" class="Tests\Feature\Auth\PasswordResetTest" classname="Tests.Feature.Auth.PasswordResetTest" assertions="1" time="0.077986"/>
        <testcase name="reset password link can be requested" file="tests\Feature\Auth\PasswordResetTest.php::reset password link can be requested" class="Tests\Feature\Auth\PasswordResetTest" classname="Tests.Feature.Auth.PasswordResetTest" assertions="1" time="0.278791"/>
        <testcase name="reset password screen can be rendered" file="tests\Feature\Auth\PasswordResetTest.php::reset password screen can be rendered" class="Tests\Feature\Auth\PasswordResetTest" classname="Tests.Feature.Auth.PasswordResetTest" assertions="2" time="0.273365"/>
        <testcase name="password can be reset with valid token" file="tests\Feature\Auth\PasswordResetTest.php::password can be reset with valid token" class="Tests\Feature\Auth\PasswordResetTest" classname="Tests.Feature.Auth.PasswordResetTest" assertions="4" time="0.282267"/>
      </testsuite>
      <testsuite name="Tests\Feature\Auth\RegistrationTest" file="tests\Feature\Auth\RegistrationTest.php" tests="2" assertions="2" errors="1" failures="0" skipped="0" time="0.134034">
        <testcase name="registration screen can be rendered" file="tests\Feature\Auth\RegistrationTest.php::registration screen can be rendered" class="Tests\Feature\Auth\RegistrationTest" classname="Tests.Feature.Auth.RegistrationTest" assertions="1" time="0.070389"/>
        <testcase name="new users can register" file="tests\Feature\Auth\RegistrationTest.php::new users can register" class="Tests\Feature\Auth\RegistrationTest" classname="Tests.Feature.Auth.RegistrationTest" assertions="1" time="0.063645">
          <error type="Symfony\Component\Routing\Exception\RouteNotFoundException">new users can registerSymfony\Component\Routing\Exception\RouteNotFoundException: Route [dashboard] not defined.&#13;
at vendor\laravel\framework\src\Illuminate\Routing\UrlGenerator.php:528
at vendor\laravel\framework\src\Illuminate\Foundation\helpers.php:870
at tests\Feature\Auth\RegistrationTest.php:20</error>
        </testcase>
      </testsuite>
      <testsuite name="Tests\Feature\DashboardTest" file="tests\Feature\DashboardTest.php" tests="2" assertions="2" errors="0" failures="1" skipped="0" time="0.129746">
        <testcase name="guests are redirected to the login page" file="tests\Feature\DashboardTest.php::guests are redirected to the login page" class="Tests\Feature\DashboardTest" classname="Tests.Feature.DashboardTest" assertions="1" time="0.063038">
          <failure type="PHPUnit\Framework\ExpectationFailedException">guests are redirected to the login pageExpected response status code [201, 301, 302, 303, 307, 308] but received 200.
Failed asserting that false is true.&#13;
at vendor\laravel\framework\src\Illuminate\Testing\TestResponseAssert.php:45
at vendor\laravel\framework\src\Illuminate\Testing\TestResponse.php:200
at tests\Feature\DashboardTest.php:8</failure>
        </testcase>
        <testcase name="authenticated users can visit the dashboard" file="tests\Feature\DashboardTest.php::authenticated users can visit the dashboard" class="Tests\Feature\DashboardTest" classname="Tests.Feature.DashboardTest" assertions="1" time="0.066708"/>
      </testsuite>
      <testsuite name="Tests\Feature\ExampleTest" file="tests\Feature\ExampleTest.php" tests="1" assertions="1" errors="0" failures="0" skipped="0" time="0.058027">
        <testcase name="it returns a successful response" file="tests\Feature\ExampleTest.php::it returns a successful response" class="Tests\Feature\ExampleTest" classname="Tests.Feature.ExampleTest" assertions="1" time="0.058027"/>
      </testsuite>
      <testsuite name="Tests\Feature\Settings\PasswordUpdateTest" file="tests\Feature\Settings\PasswordUpdateTest.php" tests="2" assertions="8" errors="0" failures="0" skipped="0" time="0.140854">
        <testcase name="password can be updated" file="tests\Feature\Settings\PasswordUpdateTest.php::password can be updated" class="Tests\Feature\Settings\PasswordUpdateTest" classname="Tests.Feature.Settings.PasswordUpdateTest" assertions="4" time="0.065950"/>
        <testcase name="correct password must be provided to update password" file="tests\Feature\Settings\PasswordUpdateTest.php::correct password must be provided to update password" class="Tests\Feature\Settings\PasswordUpdateTest" classname="Tests.Feature.Settings.PasswordUpdateTest" assertions="4" time="0.074904"/>
      </testsuite>
      <testsuite name="Tests\Feature\Settings\ProfileUpdateTest" file="tests\Feature\Settings\ProfileUpdateTest.php" tests="5" assertions="21" errors="0" failures="0" skipped="0" time="0.320958">
        <testcase name="profile page is displayed" file="tests\Feature\Settings\ProfileUpdateTest.php::profile page is displayed" class="Tests\Feature\Settings\ProfileUpdateTest" classname="Tests.Feature.Settings.ProfileUpdateTest" assertions="1" time="0.070151"/>
        <testcase name="profile information can be updated" file="tests\Feature\Settings\ProfileUpdateTest.php::profile information can be updated" class="Tests\Feature\Settings\ProfileUpdateTest" classname="Tests.Feature.Settings.ProfileUpdateTest" assertions="6" time="0.068173"/>
        <testcase name="email verification status is unchanged when the email address is unchanged" file="tests\Feature\Settings\ProfileUpdateTest.php::email verification status is unchanged when the email address is unchanged" class="Tests\Feature\Settings\ProfileUpdateTest" classname="Tests.Feature.Settings.ProfileUpdateTest" assertions="4" time="0.060688"/>
        <testcase name="user can delete their account" file="tests\Feature\Settings\ProfileUpdateTest.php::user can delete their account" class="Tests\Feature\Settings\ProfileUpdateTest" classname="Tests.Feature.Settings.ProfileUpdateTest" assertions="5" time="0.060966"/>
        <testcase name="correct password must be provided to delete account" file="tests\Feature\Settings\ProfileUpdateTest.php::correct password must be provided to delete account" class="Tests\Feature\Settings\ProfileUpdateTest" classname="Tests.Feature.Settings.ProfileUpdateTest" assertions="5" time="0.060980"/>
      </testsuite>
    </testsuite>
  </testsuite>
</testsuites>
